[2025-09-14 04:58:43 : INFO] - Cache for URL: http://localhost/wp/villea/apartment/ has been purged, triggered by action: save_post 
[2025-09-14 04:58:43 : INFO] - Cache for author page URL: http://localhost/wp/villea/author/villea/ associated with post_type: page and Title: "Apartment" has been purged, triggered by action: save_post 
[2025-09-14 05:07:55 : INFO] - Cache for URL: http://localhost/wp/villea/apartment/ has been purged, triggered by action: save_post 
[2025-09-14 05:07:55 : INFO] - Cache for author page URL: http://localhost/wp/villea/author/villea/ associated with post_type: page and Title: "Apartment" has been purged, triggered by action: save_post 
[2025-09-14 05:07:55 : INFO] - Cache for URL: http://localhost/wp/villea/apartment/ has been purged, triggered by action: save_post 
[2025-09-14 05:07:55 : INFO] - Cache for author page URL: http://localhost/wp/villea/author/villea/ associated with post_type: page and Title: "Apartment" has been purged, triggered by action: save_post 
[2025-09-14 05:07:55 : INFO] - Cache for URL: http://localhost/wp/villea/apartment/ has been purged, triggered by action: save_post 
[2025-09-14 05:07:55 : INFO] - Cache for author page URL: http://localhost/wp/villea/author/villea/ associated with post_type: page and Title: "Apartment" has been purged, triggered by action: save_post 
[2025-09-14 05:08:34 : INFO] - Cache for URL: http://localhost/wp/villea/?elementor_library=default-kit has been purged, triggered by action: save_post 
[2025-09-14 05:08:34 : INFO] - Cache for author page URL: http://localhost/wp/villea/author/villea/ associated with post_type: elementor_library and Title: "Default Kit" has been purged, triggered by action: save_post 
[2025-09-14 05:08:34 : INFO] - Cache for URL: http://localhost/wp/villea/?elementor_library=default-kit has been purged, triggered by action: save_post 
[2025-09-14 05:08:34 : INFO] - Cache for author page URL: http://localhost/wp/villea/author/villea/ associated with post_type: elementor_library and Title: "Default Kit" has been purged, triggered by action: save_post 
[2025-09-14 05:08:35 : INFO] - Cache for URL: http://localhost/wp/villea/?elementor_library=default-kit has been purged, triggered by action: save_post 
[2025-09-14 05:08:35 : INFO] - Cache for author page URL: http://localhost/wp/villea/author/villea/ associated with post_type: elementor_library and Title: "Default Kit" has been purged, triggered by action: save_post 
[2025-09-14 05:09:37 : INFO] - Cache for URL: http://localhost/wp/villea/apartment/ has been purged, triggered by action: save_post 
[2025-09-14 05:09:37 : INFO] - Cache for author page URL: http://localhost/wp/villea/author/villea/ associated with post_type: page and Title: "Apartment" has been purged, triggered by action: save_post 
[2025-09-14 05:09:37 : INFO] - Cache for URL: http://localhost/wp/villea/apartment/ has been purged, triggered by action: save_post 
[2025-09-14 05:09:37 : INFO] - Cache for author page URL: http://localhost/wp/villea/author/villea/ associated with post_type: page and Title: "Apartment" has been purged, triggered by action: save_post 
[2025-09-14 05:09:37 : INFO] - Cache for URL: http://localhost/wp/villea/apartment/ has been purged, triggered by action: save_post 
[2025-09-14 05:09:37 : INFO] - Cache for author page URL: http://localhost/wp/villea/author/villea/ associated with post_type: page and Title: "Apartment" has been purged, triggered by action: save_post 
[2025-09-14 05:10:08 : INFO] - Cache for URL: http://localhost/wp/villea/apartment/ has been purged, triggered by action: save_post 
[2025-09-14 05:10:08 : INFO] - Cache for author page URL: http://localhost/wp/villea/author/villea/ associated with post_type: page and Title: "Apartment" has been purged, triggered by action: save_post 
[2025-09-14 05:10:08 : INFO] - Cache for URL: http://localhost/wp/villea/apartment/ has been purged, triggered by action: save_post 
[2025-09-14 05:10:08 : INFO] - Cache for author page URL: http://localhost/wp/villea/author/villea/ associated with post_type: page and Title: "Apartment" has been purged, triggered by action: save_post 
[2025-09-14 05:10:08 : INFO] - Cache for URL: http://localhost/wp/villea/apartment/ has been purged, triggered by action: save_post 
[2025-09-14 05:10:08 : INFO] - Cache for author page URL: http://localhost/wp/villea/author/villea/ associated with post_type: page and Title: "Apartment" has been purged, triggered by action: save_post 
[2025-09-14 05:10:50 : INFO] - Cache for URL: http://localhost/wp/villea/apartment/ has been purged, triggered by action: save_post 
[2025-09-14 05:10:50 : INFO] - Cache for author page URL: http://localhost/wp/villea/author/villea/ associated with post_type: page and Title: "Apartment" has been purged, triggered by action: save_post 
[2025-09-14 05:10:50 : INFO] - Cache for URL: http://localhost/wp/villea/apartment/ has been purged, triggered by action: save_post 
[2025-09-14 05:10:50 : INFO] - Cache for author page URL: http://localhost/wp/villea/author/villea/ associated with post_type: page and Title: "Apartment" has been purged, triggered by action: save_post 
[2025-09-14 05:10:50 : INFO] - Cache for URL: http://localhost/wp/villea/apartment/ has been purged, triggered by action: save_post 
[2025-09-14 05:10:50 : INFO] - Cache for author page URL: http://localhost/wp/villea/author/villea/ associated with post_type: page and Title: "Apartment" has been purged, triggered by action: save_post 
[2025-09-14 05:15:23 : INFO] - Cache for URL: http://localhost/wp/villea/apartment/ has been purged, triggered by action: save_post 
[2025-09-14 05:15:23 : INFO] - Cache for author page URL: http://localhost/wp/villea/author/villea/ associated with post_type: page and Title: "Apartment" has been purged, triggered by action: save_post 
[2025-09-14 05:15:23 : INFO] - Cache for URL: http://localhost/wp/villea/apartment/ has been purged, triggered by action: save_post 
[2025-09-14 05:15:23 : INFO] - Cache for author page URL: http://localhost/wp/villea/author/villea/ associated with post_type: page and Title: "Apartment" has been purged, triggered by action: save_post 
[2025-09-14 05:15:23 : INFO] - Cache for URL: http://localhost/wp/villea/apartment/ has been purged, triggered by action: save_post 
[2025-09-14 05:15:23 : INFO] - Cache for author page URL: http://localhost/wp/villea/author/villea/ associated with post_type: page and Title: "Apartment" has been purged, triggered by action: save_post 
[2025-09-14 05:15:48 : INFO] - Cache for URL: http://localhost/wp/villea/apartment/ has been purged, triggered by action: save_post 
[2025-09-14 05:15:48 : INFO] - Cache for author page URL: http://localhost/wp/villea/author/villea/ associated with post_type: page and Title: "Apartment" has been purged, triggered by action: save_post 
[2025-09-14 05:15:48 : INFO] - Cache for URL: http://localhost/wp/villea/apartment/ has been purged, triggered by action: save_post 
[2025-09-14 05:15:48 : INFO] - Cache for author page URL: http://localhost/wp/villea/author/villea/ associated with post_type: page and Title: "Apartment" has been purged, triggered by action: save_post 
[2025-09-14 05:15:48 : INFO] - Cache for URL: http://localhost/wp/villea/apartment/ has been purged, triggered by action: save_post 
[2025-09-14 05:15:48 : INFO] - Cache for author page URL: http://localhost/wp/villea/author/villea/ associated with post_type: page and Title: "Apartment" has been purged, triggered by action: save_post 
[2025-09-14 05:16:19 : INFO] - Cache for URL: http://localhost/wp/villea/apartment/ has been purged, triggered by action: save_post 
[2025-09-14 05:16:19 : INFO] - Cache for author page URL: http://localhost/wp/villea/author/villea/ associated with post_type: page and Title: "Apartment" has been purged, triggered by action: save_post 
[2025-09-14 05:16:19 : INFO] - Cache for URL: http://localhost/wp/villea/apartment/ has been purged, triggered by action: save_post 
[2025-09-14 05:16:19 : INFO] - Cache for author page URL: http://localhost/wp/villea/author/villea/ associated with post_type: page and Title: "Apartment" has been purged, triggered by action: save_post 
[2025-09-14 05:16:19 : INFO] - Cache for URL: http://localhost/wp/villea/apartment/ has been purged, triggered by action: save_post 
[2025-09-14 05:16:19 : INFO] - Cache for author page URL: http://localhost/wp/villea/author/villea/ associated with post_type: page and Title: "Apartment" has been purged, triggered by action: save_post 
[2025-09-14 06:11:25 : INFO] - Cache for URL: http://localhost/wp/villea/apartment/ has been purged, triggered by action: save_post 
[2025-09-14 06:11:25 : INFO] - Cache for author page URL: http://localhost/wp/villea/author/villea/ associated with post_type: page and Title: "Apartment" has been purged, triggered by action: save_post 
[2025-09-14 06:11:25 : INFO] - Cache for URL: http://localhost/wp/villea/apartment/ has been purged, triggered by action: save_post 
[2025-09-14 06:11:25 : INFO] - Cache for author page URL: http://localhost/wp/villea/author/villea/ associated with post_type: page and Title: "Apartment" has been purged, triggered by action: save_post 
[2025-09-14 06:11:25 : INFO] - Cache for URL: http://localhost/wp/villea/apartment/ has been purged, triggered by action: save_post 
[2025-09-14 06:11:25 : INFO] - Cache for author page URL: http://localhost/wp/villea/author/villea/ associated with post_type: page and Title: "Apartment" has been purged, triggered by action: save_post 
[2025-09-14 06:12:33 : INFO] - Cache for URL: http://localhost/wp/villea/apartment/ has been purged, triggered by action: save_post 
[2025-09-14 06:12:33 : INFO] - Cache for author page URL: http://localhost/wp/villea/author/villea/ associated with post_type: page and Title: "Apartment" has been purged, triggered by action: save_post 
[2025-09-14 06:12:33 : INFO] - Cache for URL: http://localhost/wp/villea/apartment/ has been purged, triggered by action: save_post 
[2025-09-14 06:12:33 : INFO] - Cache for author page URL: http://localhost/wp/villea/author/villea/ associated with post_type: page and Title: "Apartment" has been purged, triggered by action: save_post 
[2025-09-14 06:12:33 : INFO] - Cache for URL: http://localhost/wp/villea/apartment/ has been purged, triggered by action: save_post 
[2025-09-14 06:12:33 : INFO] - Cache for author page URL: http://localhost/wp/villea/author/villea/ associated with post_type: page and Title: "Apartment" has been purged, triggered by action: save_post 
[2025-09-14 06:13:10 : INFO] - Cache for URL: http://localhost/wp/villea/apartment/ has been purged, triggered by action: save_post 
[2025-09-14 06:13:10 : INFO] - Cache for author page URL: http://localhost/wp/villea/author/villea/ associated with post_type: page and Title: "Apartment" has been purged, triggered by action: save_post 
[2025-09-14 06:13:10 : INFO] - Cache for URL: http://localhost/wp/villea/apartment/ has been purged, triggered by action: save_post 
[2025-09-14 06:13:10 : INFO] - Cache for author page URL: http://localhost/wp/villea/author/villea/ associated with post_type: page and Title: "Apartment" has been purged, triggered by action: save_post 
[2025-09-14 06:13:10 : INFO] - Cache for URL: http://localhost/wp/villea/apartment/ has been purged, triggered by action: save_post 
[2025-09-14 06:13:10 : INFO] - Cache for author page URL: http://localhost/wp/villea/author/villea/ associated with post_type: page and Title: "Apartment" has been purged, triggered by action: save_post 
[2025-09-14 06:13:21 : INFO] - Cache for URL: http://localhost/wp/villea/apartment/ has been purged, triggered by action: save_post 
[2025-09-14 06:13:21 : INFO] - Cache for author page URL: http://localhost/wp/villea/author/villea/ associated with post_type: page and Title: "Apartment" has been purged, triggered by action: save_post 
[2025-09-14 06:13:21 : INFO] - Cache for URL: http://localhost/wp/villea/apartment/ has been purged, triggered by action: save_post 
[2025-09-14 06:13:21 : INFO] - Cache for author page URL: http://localhost/wp/villea/author/villea/ associated with post_type: page and Title: "Apartment" has been purged, triggered by action: save_post 
[2025-09-14 06:13:21 : INFO] - Cache for URL: http://localhost/wp/villea/apartment/ has been purged, triggered by action: save_post 
[2025-09-14 06:13:21 : INFO] - Cache for author page URL: http://localhost/wp/villea/author/villea/ associated with post_type: page and Title: "Apartment" has been purged, triggered by action: save_post 
[2025-09-14 06:14:27 : INFO] - Cache for URL: http://localhost/wp/villea/apartment/ has been purged, triggered by action: save_post 
[2025-09-14 06:14:27 : INFO] - Cache for author page URL: http://localhost/wp/villea/author/villea/ associated with post_type: page and Title: "Apartment" has been purged, triggered by action: save_post 
[2025-09-14 06:14:27 : INFO] - Cache for URL: http://localhost/wp/villea/apartment/ has been purged, triggered by action: save_post 
[2025-09-14 06:14:27 : INFO] - Cache for author page URL: http://localhost/wp/villea/author/villea/ associated with post_type: page and Title: "Apartment" has been purged, triggered by action: save_post 
[2025-09-14 06:14:28 : INFO] - Cache for URL: http://localhost/wp/villea/apartment/ has been purged, triggered by action: save_post 
[2025-09-14 06:14:28 : INFO] - Cache for author page URL: http://localhost/wp/villea/author/villea/ associated with post_type: page and Title: "Apartment" has been purged, triggered by action: save_post 
[2025-09-14 06:15:06 : INFO] - Cache for URL: http://localhost/wp/villea/apartment/ has been purged, triggered by action: save_post 
[2025-09-14 06:15:06 : INFO] - Cache for author page URL: http://localhost/wp/villea/author/villea/ associated with post_type: page and Title: "Apartment" has been purged, triggered by action: save_post 
[2025-09-14 06:15:06 : INFO] - Cache for URL: http://localhost/wp/villea/apartment/ has been purged, triggered by action: save_post 
[2025-09-14 06:15:06 : INFO] - Cache for author page URL: http://localhost/wp/villea/author/villea/ associated with post_type: page and Title: "Apartment" has been purged, triggered by action: save_post 
[2025-09-14 06:15:06 : INFO] - Cache for URL: http://localhost/wp/villea/apartment/ has been purged, triggered by action: save_post 
[2025-09-14 06:15:06 : INFO] - Cache for author page URL: http://localhost/wp/villea/author/villea/ associated with post_type: page and Title: "Apartment" has been purged, triggered by action: save_post 
[2025-09-14 06:18:27 : INFO] - Cache for URL: http://localhost/wp/villea/apartment/ has been purged, triggered by action: save_post 
[2025-09-14 06:18:27 : INFO] - Cache for author page URL: http://localhost/wp/villea/author/villea/ associated with post_type: page and Title: "Apartment" has been purged, triggered by action: save_post 
[2025-09-14 06:18:27 : INFO] - Cache for URL: http://localhost/wp/villea/apartment/ has been purged, triggered by action: save_post 
[2025-09-14 06:18:27 : INFO] - Cache for author page URL: http://localhost/wp/villea/author/villea/ associated with post_type: page and Title: "Apartment" has been purged, triggered by action: save_post 
[2025-09-14 06:18:27 : INFO] - Cache for URL: http://localhost/wp/villea/apartment/ has been purged, triggered by action: save_post 
[2025-09-14 06:18:27 : INFO] - Cache for author page URL: http://localhost/wp/villea/author/villea/ associated with post_type: page and Title: "Apartment" has been purged, triggered by action: save_post 
[2025-09-14 06:19:08 : INFO] - Cache for URL: http://localhost/wp/villea/apartment/ has been purged, triggered by action: save_post 
[2025-09-14 06:19:08 : INFO] - Cache for author page URL: http://localhost/wp/villea/author/villea/ associated with post_type: page and Title: "Apartment" has been purged, triggered by action: save_post 
[2025-09-14 06:19:08 : INFO] - Cache for URL: http://localhost/wp/villea/apartment/ has been purged, triggered by action: save_post 
[2025-09-14 06:19:08 : INFO] - Cache for author page URL: http://localhost/wp/villea/author/villea/ associated with post_type: page and Title: "Apartment" has been purged, triggered by action: save_post 
[2025-09-14 06:19:08 : INFO] - Cache for URL: http://localhost/wp/villea/apartment/ has been purged, triggered by action: save_post 
[2025-09-14 06:19:08 : INFO] - Cache for author page URL: http://localhost/wp/villea/author/villea/ associated with post_type: page and Title: "Apartment" has been purged, triggered by action: save_post 
[2025-09-14 06:19:59 : INFO] - Cache for URL: http://localhost/wp/villea/apartment/ has been purged, triggered by action: save_post 
[2025-09-14 06:19:59 : INFO] - Cache for author page URL: http://localhost/wp/villea/author/villea/ associated with post_type: page and Title: "Apartment" has been purged, triggered by action: save_post 
[2025-09-14 06:19:59 : INFO] - Cache for URL: http://localhost/wp/villea/apartment/ has been purged, triggered by action: save_post 
[2025-09-14 06:19:59 : INFO] - Cache for author page URL: http://localhost/wp/villea/author/villea/ associated with post_type: page and Title: "Apartment" has been purged, triggered by action: save_post 
[2025-09-14 06:19:59 : INFO] - Cache for URL: http://localhost/wp/villea/apartment/ has been purged, triggered by action: save_post 
[2025-09-14 06:19:59 : INFO] - Cache for author page URL: http://localhost/wp/villea/author/villea/ associated with post_type: page and Title: "Apartment" has been purged, triggered by action: save_post 
[2025-09-14 06:21:38 : INFO] - Cache for URL: http://localhost/wp/villea/apartment/ has been purged, triggered by action: save_post 
[2025-09-14 06:21:38 : INFO] - Cache for author page URL: http://localhost/wp/villea/author/villea/ associated with post_type: page and Title: "Apartment" has been purged, triggered by action: save_post 
[2025-09-14 06:21:38 : INFO] - Cache for URL: http://localhost/wp/villea/apartment/ has been purged, triggered by action: save_post 
[2025-09-14 06:21:38 : INFO] - Cache for author page URL: http://localhost/wp/villea/author/villea/ associated with post_type: page and Title: "Apartment" has been purged, triggered by action: save_post 
[2025-09-14 06:21:38 : INFO] - Cache for URL: http://localhost/wp/villea/apartment/ has been purged, triggered by action: save_post 
[2025-09-14 06:21:38 : INFO] - Cache for author page URL: http://localhost/wp/villea/author/villea/ associated with post_type: page and Title: "Apartment" has been purged, triggered by action: save_post 
[2025-09-14 06:22:20 : INFO] - Cache for URL: http://localhost/wp/villea/apartment/ has been purged, triggered by action: save_post 
[2025-09-14 06:22:20 : INFO] - Cache for author page URL: http://localhost/wp/villea/author/villea/ associated with post_type: page and Title: "Apartment" has been purged, triggered by action: save_post 
[2025-09-14 06:22:20 : INFO] - Cache for URL: http://localhost/wp/villea/apartment/ has been purged, triggered by action: save_post 
[2025-09-14 06:22:20 : INFO] - Cache for author page URL: http://localhost/wp/villea/author/villea/ associated with post_type: page and Title: "Apartment" has been purged, triggered by action: save_post 
[2025-09-14 06:22:20 : INFO] - Cache for URL: http://localhost/wp/villea/apartment/ has been purged, triggered by action: save_post 
[2025-09-14 06:22:20 : INFO] - Cache for author page URL: http://localhost/wp/villea/author/villea/ associated with post_type: page and Title: "Apartment" has been purged, triggered by action: save_post 
[2025-09-14 06:22:41 : INFO] - Cache for URL: http://localhost/wp/villea/apartment/ has been purged, triggered by action: save_post 
[2025-09-14 06:22:41 : INFO] - Cache for author page URL: http://localhost/wp/villea/author/villea/ associated with post_type: page and Title: "Apartment" has been purged, triggered by action: save_post 
[2025-09-14 06:22:41 : INFO] - Cache for URL: http://localhost/wp/villea/apartment/ has been purged, triggered by action: save_post 
[2025-09-14 06:22:41 : INFO] - Cache for author page URL: http://localhost/wp/villea/author/villea/ associated with post_type: page and Title: "Apartment" has been purged, triggered by action: save_post 
[2025-09-14 06:22:41 : INFO] - Cache for URL: http://localhost/wp/villea/apartment/ has been purged, triggered by action: save_post 
[2025-09-14 06:22:41 : INFO] - Cache for author page URL: http://localhost/wp/villea/author/villea/ associated with post_type: page and Title: "Apartment" has been purged, triggered by action: save_post 
[2025-09-14 06:23:30 : INFO] - Cache for URL: http://localhost/wp/villea/apartment/ has been purged, triggered by action: save_post 
[2025-09-14 06:23:30 : INFO] - Cache for author page URL: http://localhost/wp/villea/author/villea/ associated with post_type: page and Title: "Apartment" has been purged, triggered by action: save_post 
[2025-09-14 06:23:30 : INFO] - Cache for URL: http://localhost/wp/villea/apartment/ has been purged, triggered by action: save_post 
[2025-09-14 06:23:30 : INFO] - Cache for author page URL: http://localhost/wp/villea/author/villea/ associated with post_type: page and Title: "Apartment" has been purged, triggered by action: save_post 
[2025-09-14 06:23:30 : INFO] - Cache for URL: http://localhost/wp/villea/apartment/ has been purged, triggered by action: save_post 
[2025-09-14 06:23:30 : INFO] - Cache for author page URL: http://localhost/wp/villea/author/villea/ associated with post_type: page and Title: "Apartment" has been purged, triggered by action: save_post 
[2025-09-14 06:23:59 : INFO] - Cache for URL: http://localhost/wp/villea/apartment/ has been purged, triggered by action: save_post 
[2025-09-14 06:23:59 : INFO] - Cache for author page URL: http://localhost/wp/villea/author/villea/ associated with post_type: page and Title: "Apartment" has been purged, triggered by action: save_post 
[2025-09-14 06:23:59 : INFO] - Cache for URL: http://localhost/wp/villea/apartment/ has been purged, triggered by action: save_post 
[2025-09-14 06:23:59 : INFO] - Cache for author page URL: http://localhost/wp/villea/author/villea/ associated with post_type: page and Title: "Apartment" has been purged, triggered by action: save_post 
[2025-09-14 06:23:59 : INFO] - Cache for URL: http://localhost/wp/villea/apartment/ has been purged, triggered by action: save_post 
[2025-09-14 06:23:59 : INFO] - Cache for author page URL: http://localhost/wp/villea/author/villea/ associated with post_type: page and Title: "Apartment" has been purged, triggered by action: save_post 
[2025-09-14 06:24:40 : INFO] - Cache for URL: http://localhost/wp/villea/apartment/ has been purged, triggered by action: save_post 
[2025-09-14 06:24:40 : INFO] - Cache for author page URL: http://localhost/wp/villea/author/villea/ associated with post_type: page and Title: "Apartment" has been purged, triggered by action: save_post 
[2025-09-14 06:24:40 : INFO] - Cache for URL: http://localhost/wp/villea/apartment/ has been purged, triggered by action: save_post 
[2025-09-14 06:24:40 : INFO] - Cache for author page URL: http://localhost/wp/villea/author/villea/ associated with post_type: page and Title: "Apartment" has been purged, triggered by action: save_post 
[2025-09-14 06:24:40 : INFO] - Cache for URL: http://localhost/wp/villea/apartment/ has been purged, triggered by action: save_post 
[2025-09-14 06:24:40 : INFO] - Cache for author page URL: http://localhost/wp/villea/author/villea/ associated with post_type: page and Title: "Apartment" has been purged, triggered by action: save_post 
[2025-09-14 06:24:47 : INFO] - Cache for URL: http://localhost/wp/villea/apartment/ has been purged, triggered by action: save_post 
[2025-09-14 06:24:47 : INFO] - Cache for author page URL: http://localhost/wp/villea/author/villea/ associated with post_type: page and Title: "Apartment" has been purged, triggered by action: save_post 
[2025-09-14 06:24:47 : INFO] - Cache for URL: http://localhost/wp/villea/apartment/ has been purged, triggered by action: save_post 
[2025-09-14 06:24:47 : INFO] - Cache for author page URL: http://localhost/wp/villea/author/villea/ associated with post_type: page and Title: "Apartment" has been purged, triggered by action: save_post 
[2025-09-14 06:24:48 : INFO] - Cache for URL: http://localhost/wp/villea/apartment/ has been purged, triggered by action: save_post 
[2025-09-14 06:24:48 : INFO] - Cache for author page URL: http://localhost/wp/villea/author/villea/ associated with post_type: page and Title: "Apartment" has been purged, triggered by action: save_post 
[2025-09-14 06:25:38 : INFO] - Cache for URL: http://localhost/wp/villea/apartment/ has been purged, triggered by action: save_post 
[2025-09-14 06:25:38 : INFO] - Cache for author page URL: http://localhost/wp/villea/author/villea/ associated with post_type: page and Title: "Apartment" has been purged, triggered by action: save_post 
[2025-09-14 06:25:38 : INFO] - Cache for URL: http://localhost/wp/villea/apartment/ has been purged, triggered by action: save_post 
[2025-09-14 06:25:38 : INFO] - Cache for author page URL: http://localhost/wp/villea/author/villea/ associated with post_type: page and Title: "Apartment" has been purged, triggered by action: save_post 
[2025-09-14 06:25:38 : INFO] - Cache for URL: http://localhost/wp/villea/apartment/ has been purged, triggered by action: save_post 
[2025-09-14 06:25:38 : INFO] - Cache for author page URL: http://localhost/wp/villea/author/villea/ associated with post_type: page and Title: "Apartment" has been purged, triggered by action: save_post 
[2025-09-14 06:25:53 : INFO] - Cache for URL: http://localhost/wp/villea/apartment/ has been purged, triggered by action: save_post 
[2025-09-14 06:25:53 : INFO] - Cache for author page URL: http://localhost/wp/villea/author/villea/ associated with post_type: page and Title: "Apartment" has been purged, triggered by action: save_post 
[2025-09-14 06:25:53 : INFO] - Cache for URL: http://localhost/wp/villea/apartment/ has been purged, triggered by action: save_post 
[2025-09-14 06:25:53 : INFO] - Cache for author page URL: http://localhost/wp/villea/author/villea/ associated with post_type: page and Title: "Apartment" has been purged, triggered by action: save_post 
[2025-09-14 06:25:53 : INFO] - Cache for URL: http://localhost/wp/villea/apartment/ has been purged, triggered by action: save_post 
[2025-09-14 06:25:53 : INFO] - Cache for author page URL: http://localhost/wp/villea/author/villea/ associated with post_type: page and Title: "Apartment" has been purged, triggered by action: save_post 
[2025-09-14 06:28:27 : INFO] - Cache for URL: http://localhost/wp/villea/apartment/ has been purged, triggered by action: save_post 
[2025-09-14 06:28:27 : INFO] - Cache for author page URL: http://localhost/wp/villea/author/villea/ associated with post_type: page and Title: "Apartment" has been purged, triggered by action: save_post 
[2025-09-14 06:28:27 : INFO] - Cache for URL: http://localhost/wp/villea/apartment/ has been purged, triggered by action: save_post 
[2025-09-14 06:28:27 : INFO] - Cache for author page URL: http://localhost/wp/villea/author/villea/ associated with post_type: page and Title: "Apartment" has been purged, triggered by action: save_post 
[2025-09-14 06:28:27 : INFO] - Cache for URL: http://localhost/wp/villea/apartment/ has been purged, triggered by action: save_post 
[2025-09-14 06:28:27 : INFO] - Cache for author page URL: http://localhost/wp/villea/author/villea/ associated with post_type: page and Title: "Apartment" has been purged, triggered by action: save_post 
[2025-09-14 06:28:48 : INFO] - Cache for URL: http://localhost/wp/villea/apartment/ has been purged, triggered by action: save_post 
[2025-09-14 06:28:48 : INFO] - Cache for author page URL: http://localhost/wp/villea/author/villea/ associated with post_type: page and Title: "Apartment" has been purged, triggered by action: save_post 
[2025-09-14 06:28:49 : INFO] - Cache for URL: http://localhost/wp/villea/apartment/ has been purged, triggered by action: save_post 
[2025-09-14 06:28:49 : INFO] - Cache for author page URL: http://localhost/wp/villea/author/villea/ associated with post_type: page and Title: "Apartment" has been purged, triggered by action: save_post 
[2025-09-14 06:28:49 : INFO] - Cache for URL: http://localhost/wp/villea/apartment/ has been purged, triggered by action: save_post 
[2025-09-14 06:28:49 : INFO] - Cache for author page URL: http://localhost/wp/villea/author/villea/ associated with post_type: page and Title: "Apartment" has been purged, triggered by action: save_post 
[2025-09-14 06:31:15 : INFO] - Cache for URL: http://localhost/wp/villea/apartment/ has been purged, triggered by action: save_post 
[2025-09-14 06:31:15 : INFO] - Cache for author page URL: http://localhost/wp/villea/author/villea/ associated with post_type: page and Title: "Apartment" has been purged, triggered by action: save_post 
[2025-09-14 06:31:15 : INFO] - Cache for URL: http://localhost/wp/villea/apartment/ has been purged, triggered by action: save_post 
[2025-09-14 06:31:15 : INFO] - Cache for author page URL: http://localhost/wp/villea/author/villea/ associated with post_type: page and Title: "Apartment" has been purged, triggered by action: save_post 
[2025-09-14 06:31:15 : INFO] - Cache for URL: http://localhost/wp/villea/apartment/ has been purged, triggered by action: save_post 
[2025-09-14 06:31:15 : INFO] - Cache for author page URL: http://localhost/wp/villea/author/villea/ associated with post_type: page and Title: "Apartment" has been purged, triggered by action: save_post 
[2025-09-14 06:31:57 : INFO] - Cache for URL: http://localhost/wp/villea/apartment/ has been purged, triggered by action: save_post 
[2025-09-14 06:31:57 : INFO] - Cache for author page URL: http://localhost/wp/villea/author/villea/ associated with post_type: page and Title: "Apartment" has been purged, triggered by action: save_post 
[2025-09-14 06:31:57 : INFO] - Cache for URL: http://localhost/wp/villea/apartment/ has been purged, triggered by action: save_post 
[2025-09-14 06:31:57 : INFO] - Cache for author page URL: http://localhost/wp/villea/author/villea/ associated with post_type: page and Title: "Apartment" has been purged, triggered by action: save_post 
[2025-09-14 06:31:57 : INFO] - Cache for URL: http://localhost/wp/villea/apartment/ has been purged, triggered by action: save_post 
[2025-09-14 06:31:57 : INFO] - Cache for author page URL: http://localhost/wp/villea/author/villea/ associated with post_type: page and Title: "Apartment" has been purged, triggered by action: save_post 
[2025-09-14 06:32:44 : INFO] - Cache for URL: http://localhost/wp/villea/apartment/ has been purged, triggered by action: save_post 
[2025-09-14 06:32:44 : INFO] - Cache for author page URL: http://localhost/wp/villea/author/villea/ associated with post_type: page and Title: "Apartment" has been purged, triggered by action: save_post 
[2025-09-14 06:32:44 : INFO] - Cache for URL: http://localhost/wp/villea/apartment/ has been purged, triggered by action: save_post 
[2025-09-14 06:32:44 : INFO] - Cache for author page URL: http://localhost/wp/villea/author/villea/ associated with post_type: page and Title: "Apartment" has been purged, triggered by action: save_post 
[2025-09-14 06:32:44 : INFO] - Cache for URL: http://localhost/wp/villea/apartment/ has been purged, triggered by action: save_post 
[2025-09-14 06:32:44 : INFO] - Cache for author page URL: http://localhost/wp/villea/author/villea/ associated with post_type: page and Title: "Apartment" has been purged, triggered by action: save_post 
[2025-09-14 06:34:33 : INFO] - Cache for URL: http://localhost/wp/villea/apartment/ has been purged, triggered by action: save_post 
[2025-09-14 06:34:33 : INFO] - Cache for author page URL: http://localhost/wp/villea/author/villea/ associated with post_type: page and Title: "Apartment" has been purged, triggered by action: save_post 
[2025-09-14 06:34:33 : INFO] - Cache for URL: http://localhost/wp/villea/apartment/ has been purged, triggered by action: save_post 
[2025-09-14 06:34:33 : INFO] - Cache for author page URL: http://localhost/wp/villea/author/villea/ associated with post_type: page and Title: "Apartment" has been purged, triggered by action: save_post 
[2025-09-14 06:34:33 : INFO] - Cache for URL: http://localhost/wp/villea/apartment/ has been purged, triggered by action: save_post 
[2025-09-14 06:34:33 : INFO] - Cache for author page URL: http://localhost/wp/villea/author/villea/ associated with post_type: page and Title: "Apartment" has been purged, triggered by action: save_post 
[2025-09-14 06:35:01 : INFO] - Cache for URL: http://localhost/wp/villea/apartment/ has been purged, triggered by action: save_post 
[2025-09-14 06:35:01 : INFO] - Cache for author page URL: http://localhost/wp/villea/author/villea/ associated with post_type: page and Title: "Apartment" has been purged, triggered by action: save_post 
[2025-09-14 06:35:01 : INFO] - Cache for URL: http://localhost/wp/villea/apartment/ has been purged, triggered by action: save_post 
[2025-09-14 06:35:01 : INFO] - Cache for author page URL: http://localhost/wp/villea/author/villea/ associated with post_type: page and Title: "Apartment" has been purged, triggered by action: save_post 
[2025-09-14 06:35:01 : INFO] - Cache for URL: http://localhost/wp/villea/apartment/ has been purged, triggered by action: save_post 
[2025-09-14 06:35:01 : INFO] - Cache for author page URL: http://localhost/wp/villea/author/villea/ associated with post_type: page and Title: "Apartment" has been purged, triggered by action: save_post 
[2025-09-14 06:35:20 : INFO] - Cache for URL: http://localhost/wp/villea/apartment/ has been purged, triggered by action: save_post 
[2025-09-14 06:35:20 : INFO] - Cache for author page URL: http://localhost/wp/villea/author/villea/ associated with post_type: page and Title: "Apartment" has been purged, triggered by action: save_post 
[2025-09-14 06:35:20 : INFO] - Cache for URL: http://localhost/wp/villea/apartment/ has been purged, triggered by action: save_post 
[2025-09-14 06:35:20 : INFO] - Cache for author page URL: http://localhost/wp/villea/author/villea/ associated with post_type: page and Title: "Apartment" has been purged, triggered by action: save_post 
[2025-09-14 06:35:20 : INFO] - Cache for URL: http://localhost/wp/villea/apartment/ has been purged, triggered by action: save_post 
[2025-09-14 06:35:20 : INFO] - Cache for author page URL: http://localhost/wp/villea/author/villea/ associated with post_type: page and Title: "Apartment" has been purged, triggered by action: save_post 
[2025-09-14 06:36:54 : INFO] - Cache for URL: http://localhost/wp/villea/apartment/ has been purged, triggered by action: save_post 
[2025-09-14 06:36:54 : INFO] - Cache for author page URL: http://localhost/wp/villea/author/villea/ associated with post_type: page and Title: "Apartment" has been purged, triggered by action: save_post 
[2025-09-14 06:36:54 : INFO] - Cache for URL: http://localhost/wp/villea/apartment/ has been purged, triggered by action: save_post 
[2025-09-14 06:36:54 : INFO] - Cache for author page URL: http://localhost/wp/villea/author/villea/ associated with post_type: page and Title: "Apartment" has been purged, triggered by action: save_post 
[2025-09-14 06:36:54 : INFO] - Cache for URL: http://localhost/wp/villea/apartment/ has been purged, triggered by action: save_post 
[2025-09-14 06:36:54 : INFO] - Cache for author page URL: http://localhost/wp/villea/author/villea/ associated with post_type: page and Title: "Apartment" has been purged, triggered by action: save_post 
[2025-09-14 06:39:28 : INFO] - Cache for URL: http://localhost/wp/villea/apartment/ has been purged, triggered by action: save_post 
[2025-09-14 06:39:28 : INFO] - Cache for author page URL: http://localhost/wp/villea/author/villea/ associated with post_type: page and Title: "Apartment" has been purged, triggered by action: save_post 
[2025-09-14 06:39:28 : INFO] - Cache for URL: http://localhost/wp/villea/apartment/ has been purged, triggered by action: save_post 
[2025-09-14 06:39:28 : INFO] - Cache for author page URL: http://localhost/wp/villea/author/villea/ associated with post_type: page and Title: "Apartment" has been purged, triggered by action: save_post 
[2025-09-14 06:39:28 : INFO] - Cache for URL: http://localhost/wp/villea/apartment/ has been purged, triggered by action: save_post 
[2025-09-14 06:39:28 : INFO] - Cache for author page URL: http://localhost/wp/villea/author/villea/ associated with post_type: page and Title: "Apartment" has been purged, triggered by action: save_post 
[2025-09-14 06:40:17 : INFO] - Cache for URL: http://localhost/wp/villea/apartment/ has been purged, triggered by action: save_post 
[2025-09-14 06:40:17 : INFO] - Cache for author page URL: http://localhost/wp/villea/author/villea/ associated with post_type: page and Title: "Apartment" has been purged, triggered by action: save_post 
[2025-09-14 06:40:17 : INFO] - Cache for URL: http://localhost/wp/villea/apartment/ has been purged, triggered by action: save_post 
[2025-09-14 06:40:17 : INFO] - Cache for author page URL: http://localhost/wp/villea/author/villea/ associated with post_type: page and Title: "Apartment" has been purged, triggered by action: save_post 
[2025-09-14 06:40:17 : INFO] - Cache for URL: http://localhost/wp/villea/apartment/ has been purged, triggered by action: save_post 
[2025-09-14 06:40:17 : INFO] - Cache for author page URL: http://localhost/wp/villea/author/villea/ associated with post_type: page and Title: "Apartment" has been purged, triggered by action: save_post 
[2025-09-14 06:47:17 : INFO] - Cache for URL: http://localhost/wp/villea/apartment/ has been purged, triggered by action: save_post 
[2025-09-14 06:47:17 : INFO] - Cache for author page URL: http://localhost/wp/villea/author/villea/ associated with post_type: page and Title: "Apartment" has been purged, triggered by action: save_post 
[2025-09-14 06:47:17 : INFO] - Cache for URL: http://localhost/wp/villea/apartment/ has been purged, triggered by action: save_post 
[2025-09-14 06:47:17 : INFO] - Cache for author page URL: http://localhost/wp/villea/author/villea/ associated with post_type: page and Title: "Apartment" has been purged, triggered by action: save_post 
[2025-09-14 06:47:18 : INFO] - Cache for URL: http://localhost/wp/villea/apartment/ has been purged, triggered by action: save_post 
[2025-09-14 06:47:18 : INFO] - Cache for author page URL: http://localhost/wp/villea/author/villea/ associated with post_type: page and Title: "Apartment" has been purged, triggered by action: save_post 
[2025-09-14 06:54:42 : INFO] - Cache for URL: http://localhost/wp/villea/apartment/ has been purged, triggered by action: save_post 
[2025-09-14 06:54:42 : INFO] - Cache for author page URL: http://localhost/wp/villea/author/villea/ associated with post_type: page and Title: "Apartment" has been purged, triggered by action: save_post 
[2025-09-14 06:54:43 : INFO] - Cache for URL: http://localhost/wp/villea/apartment/ has been purged, triggered by action: save_post 
[2025-09-14 06:54:43 : INFO] - Cache for author page URL: http://localhost/wp/villea/author/villea/ associated with post_type: page and Title: "Apartment" has been purged, triggered by action: save_post 
[2025-09-14 06:54:43 : INFO] - Cache for URL: http://localhost/wp/villea/apartment/ has been purged, triggered by action: save_post 
[2025-09-14 06:54:43 : INFO] - Cache for author page URL: http://localhost/wp/villea/author/villea/ associated with post_type: page and Title: "Apartment" has been purged, triggered by action: save_post 
[2025-09-14 06:56:27 : INFO] - Cache for URL: http://localhost/wp/villea/apartment/ has been purged, triggered by action: save_post 
[2025-09-14 06:56:27 : INFO] - Cache for author page URL: http://localhost/wp/villea/author/villea/ associated with post_type: page and Title: "Apartment" has been purged, triggered by action: save_post 
[2025-09-14 06:56:27 : INFO] - Cache for URL: http://localhost/wp/villea/apartment/ has been purged, triggered by action: save_post 
[2025-09-14 06:56:27 : INFO] - Cache for author page URL: http://localhost/wp/villea/author/villea/ associated with post_type: page and Title: "Apartment" has been purged, triggered by action: save_post 
[2025-09-14 06:56:27 : INFO] - Cache for URL: http://localhost/wp/villea/apartment/ has been purged, triggered by action: save_post 
[2025-09-14 06:56:27 : INFO] - Cache for author page URL: http://localhost/wp/villea/author/villea/ associated with post_type: page and Title: "Apartment" has been purged, triggered by action: save_post 
[2025-09-14 06:56:59 : INFO] - Cache for URL: http://localhost/wp/villea/apartment/ has been purged, triggered by action: save_post 
[2025-09-14 06:56:59 : INFO] - Cache for author page URL: http://localhost/wp/villea/author/villea/ associated with post_type: page and Title: "Apartment" has been purged, triggered by action: save_post 
[2025-09-14 06:56:59 : INFO] - Cache for URL: http://localhost/wp/villea/apartment/ has been purged, triggered by action: save_post 
[2025-09-14 06:56:59 : INFO] - Cache for author page URL: http://localhost/wp/villea/author/villea/ associated with post_type: page and Title: "Apartment" has been purged, triggered by action: save_post 
[2025-09-14 06:56:59 : INFO] - Cache for URL: http://localhost/wp/villea/apartment/ has been purged, triggered by action: save_post 
[2025-09-14 06:56:59 : INFO] - Cache for author page URL: http://localhost/wp/villea/author/villea/ associated with post_type: page and Title: "Apartment" has been purged, triggered by action: save_post 
[2025-09-14 07:14:21 : INFO] - Cache for URL: http://localhost/wp/villea/apartment/ has been purged, triggered by action: save_post 
[2025-09-14 07:14:21 : INFO] - Cache for author page URL: http://localhost/wp/villea/author/villea/ associated with post_type: page and Title: "Apartment" has been purged, triggered by action: save_post 
[2025-09-14 07:14:21 : INFO] - Cache for URL: http://localhost/wp/villea/apartment/ has been purged, triggered by action: save_post 
[2025-09-14 07:14:21 : INFO] - Cache for author page URL: http://localhost/wp/villea/author/villea/ associated with post_type: page and Title: "Apartment" has been purged, triggered by action: save_post 
[2025-09-14 07:14:21 : INFO] - Cache for URL: http://localhost/wp/villea/apartment/ has been purged, triggered by action: save_post 
[2025-09-14 07:14:21 : INFO] - Cache for author page URL: http://localhost/wp/villea/author/villea/ associated with post_type: page and Title: "Apartment" has been purged, triggered by action: save_post 
[2025-09-14 07:15:18 : INFO] - Cache for URL: http://localhost/wp/villea/apartment/ has been purged, triggered by action: save_post 
[2025-09-14 07:15:18 : INFO] - Cache for author page URL: http://localhost/wp/villea/author/villea/ associated with post_type: page and Title: "Apartment" has been purged, triggered by action: save_post 
[2025-09-14 07:15:18 : INFO] - Cache for URL: http://localhost/wp/villea/apartment/ has been purged, triggered by action: save_post 
[2025-09-14 07:15:18 : INFO] - Cache for author page URL: http://localhost/wp/villea/author/villea/ associated with post_type: page and Title: "Apartment" has been purged, triggered by action: save_post 
[2025-09-14 07:15:19 : INFO] - Cache for URL: http://localhost/wp/villea/apartment/ has been purged, triggered by action: save_post 
[2025-09-14 07:15:19 : INFO] - Cache for author page URL: http://localhost/wp/villea/author/villea/ associated with post_type: page and Title: "Apartment" has been purged, triggered by action: save_post 
[2025-09-14 07:15:40 : INFO] - Cache for URL: http://localhost/wp/villea/apartment/ has been purged, triggered by action: save_post 
[2025-09-14 07:15:40 : INFO] - Cache for author page URL: http://localhost/wp/villea/author/villea/ associated with post_type: page and Title: "Apartment" has been purged, triggered by action: save_post 
[2025-09-14 07:15:40 : INFO] - Cache for URL: http://localhost/wp/villea/apartment/ has been purged, triggered by action: save_post 
[2025-09-14 07:15:40 : INFO] - Cache for author page URL: http://localhost/wp/villea/author/villea/ associated with post_type: page and Title: "Apartment" has been purged, triggered by action: save_post 
[2025-09-14 07:15:40 : INFO] - Cache for URL: http://localhost/wp/villea/apartment/ has been purged, triggered by action: save_post 
[2025-09-14 07:15:40 : INFO] - Cache for author page URL: http://localhost/wp/villea/author/villea/ associated with post_type: page and Title: "Apartment" has been purged, triggered by action: save_post 
[2025-09-14 07:16:11 : INFO] - Cache for URL: http://localhost/wp/villea/apartment/ has been purged, triggered by action: save_post 
[2025-09-14 07:16:11 : INFO] - Cache for author page URL: http://localhost/wp/villea/author/villea/ associated with post_type: page and Title: "Apartment" has been purged, triggered by action: save_post 
[2025-09-14 07:16:11 : INFO] - Cache for URL: http://localhost/wp/villea/apartment/ has been purged, triggered by action: save_post 
[2025-09-14 07:16:11 : INFO] - Cache for author page URL: http://localhost/wp/villea/author/villea/ associated with post_type: page and Title: "Apartment" has been purged, triggered by action: save_post 
[2025-09-14 07:16:11 : INFO] - Cache for URL: http://localhost/wp/villea/apartment/ has been purged, triggered by action: save_post 
[2025-09-14 07:16:11 : INFO] - Cache for author page URL: http://localhost/wp/villea/author/villea/ associated with post_type: page and Title: "Apartment" has been purged, triggered by action: save_post 
[2025-09-14 07:16:24 : INFO] - Cache for URL: http://localhost/wp/villea/apartment/ has been purged, triggered by action: save_post 
[2025-09-14 07:16:24 : INFO] - Cache for author page URL: http://localhost/wp/villea/author/villea/ associated with post_type: page and Title: "Apartment" has been purged, triggered by action: save_post 
[2025-09-14 07:16:24 : INFO] - Cache for URL: http://localhost/wp/villea/apartment/ has been purged, triggered by action: save_post 
[2025-09-14 07:16:24 : INFO] - Cache for author page URL: http://localhost/wp/villea/author/villea/ associated with post_type: page and Title: "Apartment" has been purged, triggered by action: save_post 
[2025-09-14 07:16:24 : INFO] - Cache for URL: http://localhost/wp/villea/apartment/ has been purged, triggered by action: save_post 
[2025-09-14 07:16:24 : INFO] - Cache for author page URL: http://localhost/wp/villea/author/villea/ associated with post_type: page and Title: "Apartment" has been purged, triggered by action: save_post 
[2025-09-14 08:07:32 : INFO] - Cache for URL: http://localhost/wp/villea/apartment/ has been purged, triggered by action: save_post 
[2025-09-14 08:07:32 : INFO] - Cache for author page URL: http://localhost/wp/villea/author/villea/ associated with post_type: page and Title: "Apartment" has been purged, triggered by action: save_post 
[2025-09-14 08:07:32 : INFO] - Cache for URL: http://localhost/wp/villea/apartment/ has been purged, triggered by action: save_post 
[2025-09-14 08:07:32 : INFO] - Cache for author page URL: http://localhost/wp/villea/author/villea/ associated with post_type: page and Title: "Apartment" has been purged, triggered by action: save_post 
[2025-09-14 08:07:32 : INFO] - Cache for URL: http://localhost/wp/villea/apartment/ has been purged, triggered by action: save_post 
[2025-09-14 08:07:32 : INFO] - Cache for author page URL: http://localhost/wp/villea/author/villea/ associated with post_type: page and Title: "Apartment" has been purged, triggered by action: save_post 
[2025-09-14 08:08:16 : INFO] - Cache for URL: http://localhost/wp/villea/apartment/ has been purged, triggered by action: save_post 
[2025-09-14 08:08:16 : INFO] - Cache for author page URL: http://localhost/wp/villea/author/villea/ associated with post_type: page and Title: "Apartment" has been purged, triggered by action: save_post 
[2025-09-14 08:08:16 : INFO] - Cache for URL: http://localhost/wp/villea/apartment/ has been purged, triggered by action: save_post 
[2025-09-14 08:08:16 : INFO] - Cache for author page URL: http://localhost/wp/villea/author/villea/ associated with post_type: page and Title: "Apartment" has been purged, triggered by action: save_post 
[2025-09-14 08:08:16 : INFO] - Cache for URL: http://localhost/wp/villea/apartment/ has been purged, triggered by action: save_post 
[2025-09-14 08:08:16 : INFO] - Cache for author page URL: http://localhost/wp/villea/author/villea/ associated with post_type: page and Title: "Apartment" has been purged, triggered by action: save_post 
[2025-09-14 08:13:49 : INFO] - Cache for URL: http://localhost/wp/villea/apartment/ has been purged, triggered by action: save_post 
[2025-09-14 08:13:49 : INFO] - Cache for author page URL: http://localhost/wp/villea/author/villea/ associated with post_type: page and Title: "Apartment" has been purged, triggered by action: save_post 
[2025-09-14 08:13:49 : INFO] - Cache for URL: http://localhost/wp/villea/apartment/ has been purged, triggered by action: save_post 
[2025-09-14 08:13:49 : INFO] - Cache for author page URL: http://localhost/wp/villea/author/villea/ associated with post_type: page and Title: "Apartment" has been purged, triggered by action: save_post 
[2025-09-14 08:13:49 : INFO] - Cache for URL: http://localhost/wp/villea/apartment/ has been purged, triggered by action: save_post 
[2025-09-14 08:13:49 : INFO] - Cache for author page URL: http://localhost/wp/villea/author/villea/ associated with post_type: page and Title: "Apartment" has been purged, triggered by action: save_post 
[2025-09-14 08:14:48 : INFO] - Cache for URL: http://localhost/wp/villea/apartment/ has been purged, triggered by action: save_post 
[2025-09-14 08:14:48 : INFO] - Cache for author page URL: http://localhost/wp/villea/author/villea/ associated with post_type: page and Title: "Apartment" has been purged, triggered by action: save_post 
[2025-09-14 08:14:48 : INFO] - Cache for URL: http://localhost/wp/villea/apartment/ has been purged, triggered by action: save_post 
[2025-09-14 08:14:48 : INFO] - Cache for author page URL: http://localhost/wp/villea/author/villea/ associated with post_type: page and Title: "Apartment" has been purged, triggered by action: save_post 
[2025-09-14 08:14:48 : INFO] - Cache for URL: http://localhost/wp/villea/apartment/ has been purged, triggered by action: save_post 
[2025-09-14 08:14:48 : INFO] - Cache for author page URL: http://localhost/wp/villea/author/villea/ associated with post_type: page and Title: "Apartment" has been purged, triggered by action: save_post 
[2025-09-14 08:15:17 : INFO] - Cache for URL: http://localhost/wp/villea/apartment/ has been purged, triggered by action: save_post 
[2025-09-14 08:15:17 : INFO] - Cache for author page URL: http://localhost/wp/villea/author/villea/ associated with post_type: page and Title: "Apartment" has been purged, triggered by action: save_post 
[2025-09-14 08:15:17 : INFO] - Cache for URL: http://localhost/wp/villea/apartment/ has been purged, triggered by action: save_post 
[2025-09-14 08:15:17 : INFO] - Cache for author page URL: http://localhost/wp/villea/author/villea/ associated with post_type: page and Title: "Apartment" has been purged, triggered by action: save_post 
[2025-09-14 08:15:17 : INFO] - Cache for URL: http://localhost/wp/villea/apartment/ has been purged, triggered by action: save_post 
[2025-09-14 08:15:17 : INFO] - Cache for author page URL: http://localhost/wp/villea/author/villea/ associated with post_type: page and Title: "Apartment" has been purged, triggered by action: save_post 
[2025-09-14 08:25:41 : INFO] - Cache for URL: http://localhost/wp/villea/apartment/ has been purged, triggered by action: save_post 
[2025-09-14 08:25:41 : INFO] - Cache for author page URL: http://localhost/wp/villea/author/villea/ associated with post_type: page and Title: "Apartment" has been purged, triggered by action: save_post 
[2025-09-14 08:25:41 : INFO] - Cache for URL: http://localhost/wp/villea/apartment/ has been purged, triggered by action: save_post 
[2025-09-14 08:25:41 : INFO] - Cache for author page URL: http://localhost/wp/villea/author/villea/ associated with post_type: page and Title: "Apartment" has been purged, triggered by action: save_post 
[2025-09-14 08:25:41 : INFO] - Cache for URL: http://localhost/wp/villea/apartment/ has been purged, triggered by action: save_post 
[2025-09-14 08:25:41 : INFO] - Cache for author page URL: http://localhost/wp/villea/author/villea/ associated with post_type: page and Title: "Apartment" has been purged, triggered by action: save_post 
